\BOOKMARK [1][-]{section.1}{Introduction}{}% 1
\BOOKMARK [1][-]{section.2}{Critique of Pierzchała et al., 2018}{}% 2
\BOOKMARK [2][-]{subsection.2.1}{Introduction}{section.2}% 3
\BOOKMARK [2][-]{subsection.2.2}{Theoretical\040Background}{section.2}% 4
\BOOKMARK [2][-]{subsection.2.3}{Materials\040and\040Methods}{section.2}% 5
\BOOKMARK [2][-]{subsection.2.4}{Results}{section.2}% 6
\BOOKMARK [2][-]{subsection.2.5}{Discussion}{section.2}% 7
\BOOKMARK [2][-]{subsection.2.6}{Conclusion}{section.2}% 8
\BOOKMARK [1][-]{section.3}{Critique\040of\040Chen\040and\040Chiu,\0402015}{}% 9
\BOOKMARK [2][-]{subsection.3.1}{Introduction}{section.3}% 10
\BOOKMARK [2][-]{subsection.3.2}{Scenario\040and\040System\040Diagram}{section.3}% 11
\BOOKMARK [2][-]{subsection.3.3}{Robot\040Path\040Planning\040Algorithm}{section.3}% 12
\BOOKMARK [2][-]{subsection.3.4}{Experimental\040Result}{section.3}% 13
\BOOKMARK [2][-]{subsection.3.5}{Conclusion}{section.3}% 14
\BOOKMARK [1][-]{section.4}{Compare\040and\040contrast\040the\040two\040papers}{}% 15
\BOOKMARK [2][-]{subsection.4.1}{Introductions}{section.4}% 16
\BOOKMARK [2][-]{subsection.4.2}{Background}{section.4}% 17
\BOOKMARK [2][-]{subsection.4.3}{\040Methodology}{section.4}% 18
\BOOKMARK [2][-]{subsection.4.4}{Results}{section.4}% 19
\BOOKMARK [2][-]{subsection.4.5}{Article\040Conclusions}{section.4}% 20
\BOOKMARK [1][-]{section.5}{Conclusions}{}% 21
\BOOKMARK [1][-]{section.6}{Reference\040List}{}% 22
